0 info it worked if it ends with ok
1 verbose cli [ 'C:\\Program Files\\nodejs\\node.exe',
1 verbose cli   'C:\\Program Files\\nodejs\\node_modules\\npm\\bin\\npm-cli.js',
1 verbose cli   'run',
1 verbose cli   'prerender' ]
2 info using npm@3.10.10
3 info using node@v6.10.2
4 verbose run-script [ 'prerender' ]
5 info lifecycle docbox@1.0.9~prerender: docbox@1.0.9
6 verbose lifecycle docbox@1.0.9~prerender: unsafe-perm in lifecycle true
7 verbose lifecycle docbox@1.0.9~prerender: PATH: C:\Program Files\nodejs\node_modules\npm\bin\node-gyp-bin;C:\Users\peter\Desktop\soji\docbox-master\node_modules\.bin;C:\Program Files\MongoDB\Server\3.4\bin;C:\Program Files\nodejs\;C:\Windows\System32\;C:\Program Files\Microsoft SQL Server\Client SDK\ODBC\130\Tools\Binn\;C:\Program Files (x86)\Microsoft SQL Server\130\Tools\Binn\;C:\Program Files\Microsoft SQL Server\130\Tools\Binn\;C:\Program Files\Microsoft SQL Server\130\DTS\Binn\;"C:\Program Files\MongoDB\Server\3.4\bin\mongo.exe";C:\Program Files (x86)\Microsoft VS Code\bin;C:\Users\peter\AppData\Roaming\npm;C:\Program Files\PowerShell\6.0.0-beta.3\;C:\Program Files\Theme Kit;C:\WINDOWS\system32;C:\WINDOWS;C:\WINDOWS\System32\Wbem;C:\WINDOWS\System32\WindowsPowerShell\v1.0\;C:\Program Files (x86)\QuickTime\QTSystem\;C:\Program Files (x86)\sbt\bin;C:\Program Files\RedHat\java-1.8.0-openjdk-1.8.0.151-1\bin;C:\Program Files\Git\cmd;C:\Program Files\MongoDB\Server\3.4\bin\mongo.exe;C:\Users\peter\AppData\Local\Microsoft\WindowsApps;C:\Users\ugur\AppData\Roaming\npm;C:\Users\Admin\AppData\Roaming\npm\node_modules;C:\Users\peter\AppData\Roaming\npm\node_modules;C:\php-7.1.12-Win32-VC14-x86;C:\cygnus\cygwin-b20\H-i586-cygwin32\bin;C:\Users\peter\Desktop\vcpkg\bootstrap-vcpkg.bat;C:\Program Files\Heroku\bin;C:\cmake-3.10.1
8 verbose lifecycle docbox@1.0.9~prerender: CWD: C:\Users\peter\Desktop\soji\docbox-master
9 silly lifecycle docbox@1.0.9~prerender: Args: [ '/d /s /c', 'babel src --out-dir lib && node lib/render.js' ]
10 silly lifecycle docbox@1.0.9~prerender: Returned: code: 1  signal: null
11 info lifecycle docbox@1.0.9~prerender: Failed to exec prerender script
12 verbose stack Error: docbox@1.0.9 prerender: `babel src --out-dir lib && node lib/render.js`
12 verbose stack Exit status 1
12 verbose stack     at EventEmitter.<anonymous> (C:\Program Files\nodejs\node_modules\npm\lib\utils\lifecycle.js:255:16)
12 verbose stack     at emitTwo (events.js:106:13)
12 verbose stack     at EventEmitter.emit (events.js:191:7)
12 verbose stack     at ChildProcess.<anonymous> (C:\Program Files\nodejs\node_modules\npm\lib\utils\spawn.js:40:14)
12 verbose stack     at emitTwo (events.js:106:13)
12 verbose stack     at ChildProcess.emit (events.js:191:7)
12 verbose stack     at maybeClose (internal/child_process.js:886:16)
12 verbose stack     at Process.ChildProcess._handle.onexit (internal/child_process.js:226:5)
13 verbose pkgid docbox@1.0.9
14 verbose cwd C:\Users\peter\Desktop\soji\docbox-master
15 error Windows_NT 10.0.15063
16 error argv "C:\\Program Files\\nodejs\\node.exe" "C:\\Program Files\\nodejs\\node_modules\\npm\\bin\\npm-cli.js" "run" "prerender"
17 error node v6.10.2
18 error npm  v3.10.10
19 error code ELIFECYCLE
20 error docbox@1.0.9 prerender: `babel src --out-dir lib && node lib/render.js`
20 error Exit status 1
21 error Failed at the docbox@1.0.9 prerender script 'babel src --out-dir lib && node lib/render.js'.
21 error Make sure you have the latest version of node.js and npm installed.
21 error If you do, this is most likely a problem with the docbox package,
21 error not with npm itself.
21 error Tell the author that this fails on your system:
21 error     babel src --out-dir lib && node lib/render.js
21 error You can get information on how to open an issue for this project with:
21 error     npm bugs docbox
21 error Or if that isn't available, you can get their info via:
21 error     npm owner ls docbox
21 error There is likely additional logging output above.
22 verbose exit [ 1, true ]
